10:33:54.677 skipping bootstrap configuration: could not find or read file: classpath:karate-config.js
10:33:56.071 request:
1 > POST http://test-ariot-srvc.claro.amx/rest/esb/services/user/createUser
1 > Accept-Encoding: gzip,deflate
1 > Connection: Keep-Alive
1 > Content-Length: 452
1 > Content-Type: application/json; charset=UTF-8
1 > Host: test-ariot-srvc.claro.amx
1 > Password: 801cec4bbd86f674c0f3963ccfaf29d5cda78057701d5a96c3311bd7d6d60da3
1 > User-Agent: Apache-HttpClient/4.5.12 (Java/14.0.2)
1 > Username: iothub
{"createUserRequest":{"providerId":"AMCOOTT_AR","operatorUserId":"PA00003153","correlatorId":"PA000028722021021111263300001","serviceName":"","country":"ARG","iccid":"83723361659934889441","imsi":"722310000003638","msisdn":"5491128000031","subscriberDetails":{"title":"Mr","firstName":"Fabian Alejandro","lastName":"Gallardo","communication":{"emailAddress":"test15@gmail.com","mobilePhone":"11111"}},"extensionInfo":[{"key":"key1","value":"value1"}]}}

10:33:56.356 response time in milliseconds: 283,37
1 < 400
1 < Connection: keep-alive
1 < Content-Type: application/json
1 < Date: Thu, 18 Feb 2021 13:34:02 GMT
1 < Password: 801cec4bbd86f674c0f3963ccfaf29d5cda78057701d5a96c3311bd7d6d60da3
1 < Server: JBoss-EAP/7
1 < Transfer-Encoding: chunked
1 < Username: iothub
1 < X-Powered-By: Undertow/1
{"createUserResponse":{"resultCode":1,"resultMessage":"Required Parameters: Invalid Value","correlatorId":"PA000028722021021111263300001"}}

10:33:56.369 [print] AMCOOTT_AR
10:33:56.369 [print] 83723361659934889441
10:33:56.370 [print] 722310000003638
10:33:56.370 [print] 5491128000031
10:33:58.552 [print] {
  "SIL_ID": 113743,
  "SIL_CORRELATOR_ID": "PA000028722021021111263300001",
  "SIL_SYSTEM_DATE": 2021-02-18 10:33:57.0,
  "SIL_SERVICE_NAME": "createUser",
  "SIL_PROVIDER_ID": "AMCOOTT_AR",
  "SIL_ICCID": "83723361659934889441",
  "SIL_MSISDN": "5491128000031",
  "SIL_STATUS": "E",
  "SIL_ERROR_CODE": 5,
  "SIL_ERROR_MESSAGE": "Validating required parameters: Parameter serviceName cannot be blank.",
  "SIL_REQUEST": "{\"createUserRequest\":{\"providerId\":\"AMCOOTT_AR\",\"operatorUserId\":\"PA00003153\",\"correlatorId\":\"PA000028722021021111263300001\",\"serviceName\":\"\",\"country\":\"ARG\",\"iccid\":\"83723361659934889441\",\"imsi\":\"722310000003638\",\"msisdn\":\"5491128000031\",\"subscriberDetails\":{\"title\":\"Mr\",\"firstName\":\"Fabian Alejandro\",\"lastName\":\"Gallardo\",\"communication\":{\"emailAddress\":\"test15@gmail.com\",\"mobilePhone\":\"11111\"}},\"extensionInfo\":[{\"key\":\"key1\",\"value\":\"value1\"}]}}",
  "SIL_REQUEST_DATE": 2021-02-18 10:34:02.0,
  "SIL_RESPONSE": "{\"createUserResponse\":{\"resultCode\":1,\"resultMessage\":\"Required Parameters: Invalid Value\",\"correlatorId\":\"PA000028722021021111263300001\"}}",
  "SIL_RESPONSE_DATE": 2021-02-18 10:34:02.0,
  "SIL_NOTIFY_REQUEST": null,
  "SIL_NOTIFY_REQUEST_DATE": null,
  "SIL_NOTIFY_RESPONSE": null,
  "SIL_NOTIFY_RESPONSE_DATE": null
}

10:33:58.750 skipping bootstrap configuration: could not find or read file: classpath:karate-config.js
10:33:58.840 request:
1 > POST http://test-ariot-srvc.claro.amx/rest/esb/services/user/createUser
1 > Accept-Encoding: gzip,deflate
1 > Connection: Keep-Alive
1 > Content-Length: 449
1 > Content-Type: application/json; charset=UTF-8
1 > Host: test-ariot-srvc.claro.amx
1 > Password: 801cec4bbd86f674c0f3963ccfaf29d5cda78057701d5a96c3311bd7d6d60da3
1 > User-Agent: Apache-HttpClient/4.5.12 (Java/14.0.2)
1 > Username: iothub
{"createUserRequest":{"providerId":"AMCOOTT_AR","operatorUserId":"PA00003153","correlatorId":"PA000028722021021111295300001","serviceName":"createUser","country":"ARG","iccid":"83723361659934889444","imsi":"722310000003638","msisdn":"","subscriberDetails":{"title":"Mr","firstName":"Fabian Alejandro","lastName":"Gallardo","communication":{"emailAddress":"test15@gmail.com","mobilePhone":"11111"}},"extensionInfo":[{"key":"key1","value":"value1"}]}}

10:33:58.990 response time in milliseconds: 145,71
1 < 400
1 < Connection: keep-alive
1 < Content-Type: application/json
1 < Date: Thu, 18 Feb 2021 13:33:59 GMT
1 < Password: 801cec4bbd86f674c0f3963ccfaf29d5cda78057701d5a96c3311bd7d6d60da3
1 < Server: JBoss-EAP/7
1 < Transfer-Encoding: chunked
1 < Username: iothub
1 < X-Powered-By: Undertow/1
{"createUserResponse":{"resultCode":1,"resultMessage":"Required Parameters: Invalid Value","correlatorId":"PA000028722021021111295300001"}}

10:33:59.001 [print] AMCOOTT_AR
10:33:59.002 [print] 83723361659934889444
10:33:59.002 [print] 722310000003638
10:33:59.002 [print] 
10:33:59.648 [print] {
  "SIL_ID": 113749,
  "SIL_CORRELATOR_ID": "PA000028722021021111295300001",
  "SIL_SYSTEM_DATE": 2021-02-18 10:33:59.0,
  "SIL_SERVICE_NAME": "createUser",
  "SIL_PROVIDER_ID": "AMCOOTT_AR",
  "SIL_ICCID": "83723361659934889444",
  "SIL_MSISDN": null,
  "SIL_STATUS": "E",
  "SIL_ERROR_CODE": 5,
  "SIL_ERROR_MESSAGE": "Validating required parameters: Parameter msisdn cannot be blank.",
  "SIL_REQUEST": "{\"createUserRequest\":{\"providerId\":\"AMCOOTT_AR\",\"operatorUserId\":\"PA00003153\",\"correlatorId\":\"PA000028722021021111295300001\",\"serviceName\":\"createUser\",\"country\":\"ARG\",\"iccid\":\"83723361659934889444\",\"imsi\":\"722310000003638\",\"msisdn\":\"\",\"subscriberDetails\":{\"title\":\"Mr\",\"firstName\":\"Fabian Alejandro\",\"lastName\":\"Gallardo\",\"communication\":{\"emailAddress\":\"test15@gmail.com\",\"mobilePhone\":\"11111\"}},\"extensionInfo\":[{\"key\":\"key1\",\"value\":\"value1\"}]}}",
  "SIL_REQUEST_DATE": 2021-02-18 10:33:59.0,
  "SIL_RESPONSE": "{\"createUserResponse\":{\"resultCode\":1,\"resultMessage\":\"Required Parameters: Invalid Value\",\"correlatorId\":\"PA000028722021021111295300001\"}}",
  "SIL_RESPONSE_DATE": 2021-02-18 10:33:59.0,
  "SIL_NOTIFY_REQUEST": null,
  "SIL_NOTIFY_REQUEST_DATE": null,
  "SIL_NOTIFY_RESPONSE": null,
  "SIL_NOTIFY_RESPONSE_DATE": null
}

10:33:59.664 skipping bootstrap configuration: could not find or read file: classpath:karate-config.js
10:33:59.676 request:
1 > POST http://test-ariot-srvc.claro.amx/rest/esb/services/user/createUser
1 > Accept-Encoding: gzip,deflate
1 > Connection: Keep-Alive
1 > Content-Length: 462
1 > Content-Type: application/json; charset=UTF-8
1 > Host: test-ariot-srvc.claro.amx
1 > Password: 801cec4bbd86f674c0f3963ccfaf29d5cda78057701d5a96c3311bd7d6d60da3
1 > User-Agent: Apache-HttpClient/4.5.12 (Java/14.0.2)
1 > Username: iothub
{"createUserRequest":{"providerId":"AMCOOTT_AR","operatorUserId":"PA00003153","correlatorId":"PA000028722021021111293600001","serviceName":"createUser","country":"ARG","iccid":"83723361659934889443","imsi":"000000000000000","msisdn":"5491128000031","subscriberDetails":{"title":"Mr","firstName":"Fabian Alejandro","lastName":"Gallardo","communication":{"emailAddress":"test15@gmail.com","mobilePhone":"11111"}},"extensionInfo":[{"key":"key1","value":"value1"}]}}

10:33:59.788 response time in milliseconds: 110,50
1 < 200
1 < Connection: keep-alive
1 < Content-Type: application/json
1 < Date: Thu, 18 Feb 2021 13:34:00 GMT
1 < Password: 801cec4bbd86f674c0f3963ccfaf29d5cda78057701d5a96c3311bd7d6d60da3
1 < Server: JBoss-EAP/7
1 < Transfer-Encoding: chunked
1 < Username: iothub
1 < X-Powered-By: Undertow/1
{"createUserResponse":{"resultCode":0,"resultMessage":"Success","correlatorId":"PA000028722021021111293600001"}}

10:33:59.788 status code was: 200, expected: 400, response time: 111, url: http://test-ariot-srvc.claro.amx/rest/esb/services/user/createUser, response: {"createUserResponse":{"resultCode":0,"correlatorId":"PA000028722021021111293600001","resultMessage":"Success"}}
"SIL_STATUS": "E",
  "SIL_ERROR_CODE": 5,
  "SIL_ERROR_MESSAGE": "Validating required parameters: Parameter msisdn cannot be blank.",
  "SIL_REQUEST": "{\"createUserRequest\":{\"providerId\":\"AMCOOTT_AR\",\"operatorUserId\":\"PA00003153\",\"correlatorId\":\"PA000028722021021111295300001\",\"serviceName\":\"createUser\",\"country\":\"ARG\",\"iccid\":\"83723361659934889444\",\"imsi\":\"722310000003638\",\"msisdn\":\"\",\"subscriberDetails\":{\"title\":\"Mr\",\"firstName\":\"Fabian Alejandro\",\"lastName\":\"Gallardo\",\"communication\":{\"emailAddress\":\"test15@gmail.com\",\"mobilePhone\":\"11111\"}},\"extensionInfo\":[{\"key\":\"key1\",\"value\":\"value1\"}]}}",
  "SIL_REQUEST_DATE": 2021-02-18 09:05:43.0,
  "SIL_RESPONSE": "{\"createUserResponse\":{\"resultCode\":1,\"resultMessage\":\"Required Parameters: Invalid Value\",\"correlatorId\":\"PA000028722021021111295300001\"}}",
  "SIL_RESPONSE_DATE": 2021-02-18 09:05:43.0,
  "SIL_NOTIFY_REQUEST": null,
  "SIL_NOTIFY_REQUEST_DATE": null,
  "SIL_NOTIFY_RESPONSE": null,
  "SIL_NOTIFY_RESPONSE_DATE": null
}

09:05:37.933 [print] 100000.0
09:05:37.934 [print] 2021-02-18 09:05:43.0
1:32:29.0
11:32:29.761 skipping bootstrap configuration: could not find or read file: classpath:karate-config.js
11:32:29.790 request:
1 > POST http://test-ariot-srvc.claro.amx/rest/esb/services/user/createUser
1 > Accept-Encoding: gzip,deflate
1 > Connection: Keep-Alive
1 > Content-Length: 449
1 > Content-Type: application/json; charset=UTF-8
1 > Host: test-ariot-srvc.claro.amx
1 > Password: 801cec4bbd86f674c0f3963ccfaf29d5cda78057701d5a96c3311bd7d6d60da3
1 > User-Agent: Apache-HttpClient/4.5.12 (Java/14.0.2)
1 > Username: iothub
{"createUserRequest":{"providerId":"AMCOOTT_AR","operatorUserId":"PA00001600","correlatorId":"PA000028722021021111295300001","serviceName":"createUser","country":"ARG","iccid":"83723361659934889444","imsi":"722310000003638","msisdn":"","subscriberDetails":{"title":"Mr","firstName":"Fabian Alejandro","lastName":"Gallardo","communication":{"emailAddress":"test15@gmail.com","mobilePhone":"11111"}},"extensionInfo":[{"key":"key1","value":"value1"}]}}

11:32:29.890 response time in milliseconds: 97,80
1 < 400
1 < Connection: keep-alive
1 < Content-Type: application/json
1 < Date: Thu, 11 Feb 2021 14:32:30 GMT
1 < Password: 801cec4bbd86f674c0f3963ccfaf29d5cda78057701d5a96c3311bd7d6d60da3
1 < Server: JBoss-EAP/7
1 < Transfer-Encoding: chunked
1 < Username: iothub
1 < X-Powered-By: Undertow/1
{"createUserResponse":{"resultCode":1,"resultMessage":"Required Parameters: Invalid Value","correlatorId":"PA000028722021021111295300001"}}

11:32:29.893 [print] AMCOOTT_AR
11:32:29.894 [print] 83723361659934889444
11:32:29.894 [print] 722310000003638
11:32:29.895 [print] 
11:32:30.352 [print] {
  "SIL_ID": 113512,
  "SIL_CORRELATOR_ID": "PA000028722021021111295300001",
  "SIL_SYSTEM_DATE": 2021-02-11 11:32:30.0,
  "SIL_SERVICE_NAME": "createUser",
  "SIL_PROVIDER_ID": "AMCOOTT_AR",
  "SIL_ICCID": "83723361659934889444",
  "SIL_MSISDN": null,
  "SIL_STATUS": "E",
  "SIL_ERROR_CODE": 5,
  "SIL_ERROR_MESSAGE": "Validating required parameters: Parameter msisdn cannot be blank.",
  "SIL_REQUEST": "{\"createUserRequest\":{\"providerId\":\"AMCOOTT_AR\",\"operatorUserId\":\"PA00001600\",\"correlatorId\":\"PA000028722021021111295300001\",\"serviceName\":\"createUser\",\"country\":\"ARG\",\"iccid\":\"83723361659934889444\",\"imsi\":\"722310000003638\",\"msisdn\":\"\",\"subscriberDetails\":{\"title\":\"Mr\",\"firstName\":\"Fabian Alejandro\",\"lastName\":\"Gallardo\",\"communication\":{\"emailAddress\":\"test15@gmail.com\",\"mobilePhone\":\"11111\"}},\"extensionInfo\":[{\"key\":\"key1\",\"value\":\"value1\"}]}}",
  "SIL_REQUEST_DATE": 2021-02-11 11:32:29.0,
  "SIL_RESPONSE": "{\"createUserResponse\":{\"resultCode\":1,\"resultMessage\":\"Required Parameters: Invalid Value\",\"correlatorId\":\"PA000028722021021111295300001\"}}",
  "SIL_RESPONSE_DATE": 2021-02-11 11:32:30.0,
  "SIL_NOTIFY_REQUEST": null,
  "SIL_NOTIFY_REQUEST_DATE": null,
  "SIL_NOTIFY_RESPONSE": null,
  "SIL_NOTIFY_RESPONSE_DATE": null
}

11:32:30.352 [print] {
  "SIL_ID": 113512,
  "SIL_CORRELATOR_ID": "PA000028722021021111295300001",
  "SIL_SYSTEM_DATE": 2021-02-11 11:32:30.0,
  "SIL_SERVICE_NAME": "createUser",
  "SIL_PROVIDER_ID": "AMCOOTT_AR",
  "SIL_ICCID": "83723361659934889444",
  "SIL_MSISDN": null,
  "SIL_STATUS": "E",
  "SIL_ERROR_CODE": 5,
  "SIL_ERROR_MESSAGE": "Validating required parameters: Parameter msisdn cannot be blank.",
  "SIL_REQUEST": "{\"createUserRequest\":{\"providerId\":\"AMCOOTT_AR\",\"operatorUserId\":\"PA00001600\",\"correlatorId\":\"PA000028722021021111295300001\",\"serviceName\":\"createUser\",\"country\":\"ARG\",\"iccid\":\"83723361659934889444\",\"imsi\":\"722310000003638\",\"msisdn\":\"\",\"subscriberDetails\":{\"title\":\"Mr\",\"firstName\":\"Fabian Alejandro\",\"lastName\":\"Gallardo\",\"communication\":{\"emailAddress\":\"test15@gmail.com\",\"mobilePhone\":\"11111\"}},\"extensionInfo\":[{\"key\":\"key1\",\"value\":\"value1\"}]}}",
  "SIL_REQUEST_DATE": 2021-02-11 11:32:29.0,
  "SIL_RESPONSE": "{\"createUserResponse\":{\"resultCode\":1,\"resultMessage\":\"Required Parameters: Invalid Value\",\"correlatorId\":\"PA000028722021021111295300001\"}}",
  "SIL_RESPONSE_DATE": 2021-02-11 11:32:30.0,
  "SIL_NOTIFY_REQUEST": null,
  "SIL_NOTIFY_REQUEST_DATE": null,
  "SIL_NOTIFY_RESPONSE": null,
  "SIL_NOTIFY_RESPONSE_DATE": null
}

11:32:30.353 [print] 100000.0
11:32:30.354 [print] 2021-02-11 11:32:30.0
11:32:30.368 skipping bootstrap configuration: could not find or read file: classpath:karate-config.js
11:32:30.400 request:
1 > POST http://test-ariot-srvc.claro.amx/rest/esb/services/user/createUser
1 > Accept-Encoding: gzip,deflate
1 > Connection: Keep-Alive
1 > Content-Length: 446
1 > Content-Type: application/json; charset=UTF-8
1 > Host: test-ariot-srvc.claro.amx
1 > Password: 801cec4bbd86f674c0f3963ccfaf29d5cda78057701d5a96c3311bd7d6d60da3
1 > User-Agent: Apache-HttpClient/4.5.12 (Java/14.0.2)
1 > Username: iothub
{"createUserRequest":{"providerId":"AMCOOTT_AR","operatorUserId":"PA00001600","correlatorId":"PA000028722021021111300300001","serviceName":"createUser","country":"ARG","iccid":"83723361659934889445","imsi":"722310000003638","msisdn":"5491128000031","subscriberDetails":{"title":"Mr","firstName":"Fabian Alejandro","lastName":"Gallardo","communication":{"emailAddress":"","mobilePhone":"11111"}},"extensionInfo":[{"key":"key1","value":"value1"}]}}

11:33:00.444 java.net.SocketTimeoutException: Read timed out, http call failed after 30043 milliseconds for URL: http://test-ariot-srvc.claro.amx/rest/esb/services/user/createUser
11:33:00.444 http request failed: 
java.net.SocketTimeoutException: Read timed out
