09:33:18.655 skipping bootstrap configuration: could not find or read file: classpath:karate-config.js
09:33:19.507 request:
1 > GET https://petstore.swagger.io/v2/pet/20
1 > Accept-Encoding: gzip,deflate
1 > Connection: Keep-Alive
1 > Host: petstore.swagger.io
1 > User-Agent: Apache-HttpClient/4.5.12 (Java/14.0.2)

09:33:20.949 response time in milliseconds: 1415,99
1 < 200
1 < Access-Control-Allow-Headers: Content-Type, api_key, Authorization
1 < Access-Control-Allow-Methods: GET, POST, DELETE, PUT
1 < Access-Control-Allow-Origin: *
1 < Connection: keep-alive
1 < Content-Type: application/json
1 < Date: Fri, 19 Feb 2021 12:33:24 GMT
1 < Server: Jetty(9.2.9.v20150224)
1 < Transfer-Encoding: chunked
{"id":20,"category":{"id":0,"name":"string"},"name":"doggie","photoUrls":["string"],"tags":[{"id":0,"name":"string"}],"status":"available"}

tore.swagger.io/v2/pet/10, response: {"code":1,"type":"error","message":"Pet not found"}
":{"id":0,"name":"string"},"name":"doggie","photoUrls":["string"],"tags":[{"id":0,"name":"string"}],"status":"available"}

ion: keep-alive
1 < Content-Type: application/json
1 < Date: Thu, 18 Feb 2021 13:33:56 GMT
1 < Password: 801cec4bbd86f674c0f3963ccfaf29d5cda78057701d5a96c3311bd7d6d60da3
1 < Server: JBoss-EAP/7
1 < Transfer-Encoding: chunked
1 < Username: iothub
1 < X-Powered-By: Undertow/1
{"createUserResponse":{"resultCode":0,"resultMessage":"Success","correlatorId":"PA000028722021021111225000001"}}

10:33:56.344 [print] AMCOOTT_AR
10:33:56.351 [print] 83723361659934889437
10:33:56.357 [print] 722310000003638
10:33:56.358 [print] 5491128000031
10:33:58.559 [print] {
  "SIL_ID": 113741,
  "SIL_CORRELATOR_ID": "PA000028722021021111225000001",
  "SIL_SYSTEM_DATE": 2021-02-18 10:33:57.0,
  "SIL_SERVICE_NAME": "createUser",
  "SIL_PROVIDER_ID": "AMCOOTT_AR",
  "SIL_ICCID": "83723361659934889437",
  "SIL_MSISDN": "5491128000031",
  "SIL_STATUS": "E",
  "SIL_ERROR_CODE": 100,
  "SIL_ERROR_MESSAGE": "Error: pa_iot_apis.f_create_user - Error obteniendo el enterprise_id: ORA-01403: no data found",
  "SIL_REQUEST": "{\"createUserRequest\":{\"providerId\":\"AMCOOTT_AR\",\"operatorUserId\":\"PA00003153\",\"correlatorId\":\"PA000028722021021111225000001\",\"serviceName\":\"createUser\",\"country\":\"ARG\",\"iccid\":\"83723361659934889437\",\"imsi\":\"722310000003638\",\"msisdn\":\"5491128000031\",\"subscriberDetails\":{\"title\":\"Mr\",\"firstName\":\"Fabian Alejandro\",\"lastName\":\"Gallardo\",\"communication\":{\"emailAddress\":\"XXXXXParametrosCu\",\"mobilePhone\":\"11111\"}},\"extensionInfo\":[{\"key\":\"key1\",\"value\":\"value1\"}]}}",
  "SIL_REQUEST_DATE": 2021-02-18 10:33:56.0,
  "SIL_RESPONSE": "{\"createUserResponse\":{\"resultCode\":0,\"resultMessage\":\"Success\",\"correlatorId\":\"PA000028722021021111225000001\"}}",
  "SIL_RESPONSE_DATE": 2021-02-18 10:33:56.0,
  "SIL_NOTIFY_REQUEST": "{\"notifyCreateUserResultRequest\":{\"serviceName\":\"createUser\",\"country\":\"ARG\",\"providerId\":\"AMCOOTT_AR\",\"correlatorId\":\"PA000028722021021111225000001\",\"resultCode\":\"1\",\"resultMessage\":\"createUser failed\"}}",
  "SIL_NOTIFY_REQUEST_DATE": 2021-02-18 10:33:56.0,
  "SIL_NOTIFY_RESPONSE": "{\t\"notifyCreateUserResultResponse\": {\t\t\"resultCode\": 1,\t\t\"resultMessage\": \"failed\",\t\t\"correlatorId\": \"PA000028722021021111225000001\"\t}}",
  "SIL_NOTIFY_RESPONSE_DATE": 2021-02-18 10:33:57.0
}

10:33:58.570 assertion failed: path: $.SIL_STATUS, actual: 'E', expected: 'O', reason: not equal
10:33:58.687 skipping bootstrap configuration: could not find or read file: classpath:karate-config.js
10:33:58.777 request:
1 > POST http://test-ariot-srvc.claro.amx/rest/esb/services/user/createUser
1 > Accept-Encoding: gzip,deflate
1 > Connection: Keep-Alive
1 > Content-Length: 447
1 > Content-Type: application/json; charset=UTF-8
1 > Host: test-ariot-srvc.claro.amx
1 > Password: 801cec4bbd86f674c0f3963ccfaf29d5cda78057701d5a96c3311bd7d6d60da3
1 > User-Agent: Apache-HttpClient/4.5.12 (Java/14.0.2)
1 > Username: iothub
{"createUserRequest":{"providerId":"AMCOOTT_AR","operatorUserId":"PA00003153","correlatorId":"PA000028722021021111293600001","serviceName":"createUser","country":"ARG","iccid":"83723361659934889443","imsi":"","msisdn":"5491128000031","subscriberDetails":{"title":"Mr","firstName":"Fabian Alejandro","lastName":"Gallardo","communication":{"emailAddress":"test15@gmail.com","mobilePhone":"11111"}},"extensionInfo":[{"key":"key1","value":"value1"}]}}

10:33:58.943 response time in milliseconds: 163,72
1 < 400
1 < Connection: keep-alive
1 < Content-Type: application/json
1 < Date: Thu, 18 Feb 2021 13:34:04 GMT
1 < Password: 801cec4bbd86f674c0f3963ccfaf29d5cda78057701d5a96c3311bd7d6d60da3
1 < Server: JBoss-EAP/7
1 < Transfer-Encoding: chunked
1 < Username: iothub
1 < X-Powered-By: Undertow/1
{"createUserResponse":{"resultCode":1,"resultMessage":"Required Parameters: Invalid Value","correlatorId":"PA000028722021021111293600001"}}

10:33:58.945 [print] AMCOOTT_AR
10:33:58.946 [print] 83723361659934889443
10:33:58.946 [print] 
10:33:58.946 [print] 5491128000031
10:33:59.538 [print] {
  "SIL_ID": 113747,
  "SIL_CORRELATOR_ID": "PA000028722021021111293600001",
  "SIL_SYSTEM_DATE": 2021-02-18 10:33:59.0,
  "SIL_SERVICE_NAME": "createUser",
  "SIL_PROVIDER_ID": "AMCOOTT_AR",
  "SIL_ICCID": "83723361659934889443",
  "SIL_MSISDN": "5491128000031",
  "SIL_STATUS": "E",
  "SIL_ERROR_CODE": 5,
  "SIL_ERROR_MESSAGE": "Validating required parameters: Parameter imsi cannot be blank.",
  "SIL_REQUEST": "{\"createUserRequest\":{\"providerId\":\"AMCOOTT_AR\",\"operatorUserId\":\"PA00003153\",\"correlatorId\":\"PA000028722021021111293600001\",\"serviceName\":\"createUser\",\"country\":\"ARG\",\"iccid\":\"83723361659934889443\",\"imsi\":\"\",\"msisdn\":\"5491128000031\",\"subscriberDetails\":{\"title\":\"Mr\",\"firstName\":\"Fabian Alejandro\",\"lastName\":\"Gallardo\",\"communication\":{\"emailAddress\":\"test15@gmail.com\",\"mobilePhone\":\"11111\"}},\"extensionInfo\":[{\"key\":\"key1\",\"value\":\"value1\"}]}}",
  "SIL_REQUEST_DATE": 2021-02-18 10:34:04.0,
  "SIL_RESPONSE": "{\"createUserResponse\":{\"resultCode\":1,\"resultMessage\":\"Required Parameters: Invalid Value\",\"correlatorId\":\"PA000028722021021111293600001\"}}",
  "SIL_RESPONSE_DATE": 2021-02-18 10:34:04.0,
  "SIL_NOTIFY_REQUEST": null,
  "SIL_NOTIFY_REQUEST_DATE": null,
  "SIL_NOTIFY_RESPONSE": null,
  "SIL_NOTIFY_RESPONSE_DATE": null
}

10:33:59.559 skipping bootstrap configuration: could not find or read file: classpath:karate-config.js
10:33:59.568 request:
1 > POST http://test-ariot-srvc.claro.amx/rest/esb/services/user/createUser
1 > Accept-Encoding: gzip,deflate
1 > Connection: Keep-Alive
1 > Content-Length: 462
1 > Content-Type: application/json; charset=UTF-8
1 > Host: test-ariot-srvc.claro.amx
1 > Password: 801cec4bbd86f674c0f3963ccfaf29d5cda78057701d5a96c3311bd7d6d60da3
1 > User-Agent: Apache-HttpClient/4.5.12 (Java/14.0.2)
1 > Username: iothub
{"createUserRequest":{"providerId":"AMCOOTT_AR","operatorUserId":"PA00003153","correlatorId":"PA000028722021021111291200001","serviceName":"createUser","country":"ARG","iccid":"00000000000000000000","imsi":"722310000003638","msisdn":"5491128000031","subscriberDetails":{"title":"Mr","firstName":"Fabian Alejandro","lastName":"Gallardo","communication":{"emailAddress":"test15@gmail.com","mobilePhone":"11111"}},"extensionInfo":[{"key":"key1","value":"value1"}]}}

10:33:59.694 response time in milliseconds: 124,68
1 < 200
1 < Connection: keep-alive
1 < Content-Type: application/json
1 < Date: Thu, 18 Feb 2021 13:34:05 GMT
1 < Password: 801cec4bbd86f674c0f3963ccfaf29d5cda78057701d5a96c3311bd7d6d60da3
1 < Server: JBoss-EAP/7
1 < Transfer-Encoding: chunked
1 < Username: iothub
1 < X-Powered-By: Undertow/1
{"createUserResponse":{"resultCode":0,"resultMessage":"Success","correlatorId":"PA000028722021021111291200001"}}

10:33:59.695 status code was: 200, expected: 400, response time: 125, url: http://test-ariot-srvc.claro.amx/rest/esb/services/user/createUser, response: {"createUserResponse":{"resultCode":0,"correlatorId":"PA000028722021021111291200001","resultMessage":"Success"}}
"mobilePhone\":\"11111\"}},\"extensionInfo\":[{\"key\":\"key1\",\"value\":\"value1\"}]}}",
  "SIL_REQUEST_DATE": 2021-02-18 09:05:43.0,
  "SIL_RESPONSE": "{\"createUserResponse\":{\"resultCode\":1,\"resultMessage\":\"Required Parameters: Invalid Value\",\"correlatorId\":\"PA000028722021021111291200001\"}}",
  "SIL_RESPONSE_DATE": 2021-02-18 09:05:43.0,
  "SIL_NOTIFY_REQUEST": null,
  "SIL_NOTIFY_REQUEST_DATE": null,
  "SIL_NOTIFY_RESPONSE": null,
  "SIL_NOTIFY_RESPONSE_DATE": null
}

09:05:37.902 [print] 100000.0
09:05:37.903 [print] 2021-02-18 09:05:43.0
t] 100000.0
09:40:21.955 [print] 2021-02-08 09:40:24.0
100000.0
09:51:35.084 [print] 2021-01-07 12:51:20.0
\",\"country\":\"\",\"iccid\":\"83723361659934889442\",\"imsi\":\"722310000003638\",\"msisdn\":\"5491128000031\",\"subscriberDetails\":{\"title\":\"Mr\",\"firstName\":\"Fabian Alejandro\",\"lastName\":\"Gallardo\",\"communication\":{\"emailAddress\":\"test15@gmail.com\",\"mobilePhone\":\"11111\"}},\"extensionInfo\":[{\"key\":\"key1\",\"value\":\"value1\"}]}}",
  "SIL_REQUEST_DATE": 2021-01-07 09:50:26.0,
  "SIL_RESPONSE": "{\"createUserResponse\":{\"resultCode\":1,\"resultMessage\":\"Required Parameters: Invalid Value\",\"correlatorId\":\"PA000027472018030712343500024\"}}",
  "SIL_RESPONSE_DATE": 2021-01-07 09:50:26.0,
  "SIL_NOTIFY_REQUEST": null,
  "SIL_NOTIFY_REQUEST_DATE": null,
  "SIL_NOTIFY_RESPONSE": null,
  "SIL_NOTIFY_RESPONSE_DATE": null
}

09:50:27.598 [print] 100000.0
09:50:27.599 [print] 2021-01-07 09:50:26.0
8:52:58.117 [print] 2021-01-07 08:52:56.0
claro.amx/rest/esb/services/user/createUser
1 > Accept-Encoding: gzip,deflate
1 > Connection: Keep-Alive
1 > Content-Length: 446
1 > Content-Type: application/json; charset=UTF-8
1 > Host: test-ariot-srvc.claro.amx
1 > Password: 801cec4bbd86f674c0f3963ccfaf29d5cda78057701d5a96c3311bd7d6d60da3
1 > User-Agent: Apache-HttpClient/4.5.12 (Java/14.0.2)
1 > Username: iothub
{"createUserRequest":{"providerId":"AMCOOTT_AR","operatorUserId":"PA00001600","correlatorId":"PA000027472018030712343500028","serviceName":"createUser","country":"ARG","iccid":"83723361659934889435","imsi":"722310000003638","msisdn":"5491128000031","subscriberDetails":{"title":"Mr","firstName":"Fabian Alejandro","lastName":"Gallardo","communication":{"emailAddress":"","mobilePhone":"11111"}},"extensionInfo":[{"key":"key1","value":"value1"}]}}

09:27:23.597 response time in milliseconds: 88,99
1 < 200
1 < Connection: keep-alive
1 < Content-Type: application/json
1 < Date: Mon, 16 Nov 2020 12:27:23 GMT
1 < Password: 801cec4bbd86f674c0f3963ccfaf29d5cda78057701d5a96c3311bd7d6d60da3
1 < Server: JBoss-EAP/7
1 < Transfer-Encoding: chunked
1 < Username: iothub
1 < X-Powered-By: Undertow/1
{"createUserResponse":{"resultCode":0,"resultMessage":"Success","correlatorId":"PA000027472018030712343500028"}}

09:27:23.602 [print] AMCOOTT_AR
09:27:23.602 [print] 83723361659934889435
09:27:23.602 [print] 722310000003638
09:27:23.602 [print] 5491128000031
09:27:24.034 [print] {
  "SIL_ID": 107547,
  "SIL_CORRELATOR_ID": "PA000027472018030712343500028",
  "SIL_SYSTEM_DATE": 2020-11-16 09:27:24.0,
  "SIL_SERVICE_NAME": "createUser",
  "SIL_PROVIDER_ID": "AMCOOTT_AR",
  "SIL_ICCID": "83723361659934889435",
  "SIL_MSISDN": "5491128000031",
  "SIL_STATUS": "E",
  "SIL_ERROR_CODE": 0,
  "SIL_ERROR_MESSAGE": null,
  "SIL_REQUEST": "{\"createUserRequest\":{\"providerId\":\"AMCOOTT_AR\",\"operatorUserId\":\"PA00001600\",\"correlatorId\":\"PA000027472018030712343500028\",\"serviceName\":\"createUser\",\"country\":\"ARG\",\"iccid\":\"83723361659934889435\",\"imsi\":\"722310000003638\",\"msisdn\":\"5491128000031\",\"subscriberDetails\":{\"title\":\"Mr\",\"firstName\":\"Fabian Alejandro\",\"lastName\":\"Gallardo\",\"communication\":{\"emailAddress\":\"\",\"mobilePhone\":\"11111\"}},\"extensionInfo\":[{\"key\":\"key1\",\"value\":\"value1\"}]}}",
  "SIL_REQUEST_DATE": 2020-11-16 09:27:23.0,
  "SIL_RESPONSE": "{\"createUserResponse\":{\"resultCode\":0,\"resultMessage\":\"Success\",\"correlatorId\":\"PA000027472018030712343500028\"}}",
  "SIL_RESPONSE_DATE": 2020-11-16 09:27:23.0,
  "SIL_NOTIFY_REQUEST": null,
  "SIL_NOTIFY_REQUEST_DATE": null,
  "SIL_NOTIFY_RESPONSE": null,
  "SIL_NOTIFY_RESPONSE_DATE": null
}

09:27:24.034 [print] {
  "SIL_ID": 107547,
  "SIL_CORRELATOR_ID": "PA000027472018030712343500028",
  "SIL_SYSTEM_DATE": 2020-11-16 09:27:24.0,
  "SIL_SERVICE_NAME": "createUser",
  "SIL_PROVIDER_ID": "AMCOOTT_AR",
  "SIL_ICCID": "83723361659934889435",
  "SIL_MSISDN": "5491128000031",
  "SIL_STATUS": "E",
  "SIL_ERROR_CODE": 0,
  "SIL_ERROR_MESSAGE": null,
  "SIL_REQUEST": "{\"createUserRequest\":{\"providerId\":\"AMCOOTT_AR\",\"operatorUserId\":\"PA00001600\",\"correlatorId\":\"PA000027472018030712343500028\",\"serviceName\":\"createUser\",\"country\":\"ARG\",\"iccid\":\"83723361659934889435\",\"imsi\":\"722310000003638\",\"msisdn\":\"5491128000031\",\"subscriberDetails\":{\"title\":\"Mr\",\"firstName\":\"Fabian Alejandro\",\"lastName\":\"Gallardo\",\"communication\":{\"emailAddress\":\"\",\"mobilePhone\":\"11111\"}},\"extensionInfo\":[{\"key\":\"key1\",\"value\":\"value1\"}]}}",
  "SIL_REQUEST_DATE": 2020-11-16 09:27:23.0,
  "SIL_RESPONSE": "{\"createUserResponse\":{\"resultCode\":0,\"resultMessage\":\"Success\",\"correlatorId\":\"PA000027472018030712343500028\"}}",
  "SIL_RESPONSE_DATE": 2020-11-16 09:27:23.0,
  "SIL_NOTIFY_REQUEST": null,
  "SIL_NOTIFY_REQUEST_DATE": null,
  "SIL_NOTIFY_RESPONSE": null,
  "SIL_NOTIFY_RESPONSE_DATE": null
}

09:27:24.035 [print] 100000.0
09:27:24.035 [print] 2020-11-16 09:27:23.0

  "SIL_NOTIFY_RESPONSE_DATE": null
}

09:26:34.532 [print] 100000.0
09:26:34.533 [print] 2020-11-16 09:26:34.0
04.0,
  "SIL_RESPONSE": "{\"createUserResponse\":{\"resultCode\":0,\"resultMessage\":\"Success\",\"correlatorId\":\"PA000027472018030712343500028\"}}",
  "SIL_RESPONSE_DATE": 2020-11-13 16:13:04.0,
  "SIL_NOTIFY_REQUEST": "{\"notifyCreateUserResultRequest\":{\"serviceName\":\"createUser\",\"country\":\"ARG\",\"providerId\":\"AMCOOTT_AR\",\"correlatorId\":\"PA000027472018030712343500028\",\"resultCode\":\"1\",\"resultMessage\":\"createUser failed\"}}",
  "SIL_NOTIFY_REQUEST_DATE": 2020-11-13 16:13:04.0,
  "SIL_NOTIFY_RESPONSE": "{\t\"notifyCreateUserResultResponse\": {\t\t\"resultCode\": 1,\t\t\"resultMessage\": \"failed\",\t\t\"correlatorId\": \"PA000027472018030712343500028\"\t}}",
  "SIL_NOTIFY_RESPONSE_DATE": 2020-11-13 16:13:04.0
}

16:13:03.996 [print] 100000.0
16:13:03.997 [print] 2020-11-13 16:13:04.0
country\":\"ARG\",\"providerId\":\"AMCOOTT_AR\",\"correlatorId\":\"PA000027472018030712343500028\",\"resultCode\":\"1\",\"resultMessage\":\"createUser failed\"}}",
  "SIL_NOTIFY_REQUEST_DATE": 2020-11-13 15:42:58.0,
  "SIL_NOTIFY_RESPONSE": "{\t\"notifyCreateUserResultResponse\": {\t\t\"resultCode\": 1,\t\t\"resultMessage\": \"failed\",\t\t\"correlatorId\": \"PA000027472018030712343500028\"\t}}",
  "SIL_NOTIFY_RESPONSE_DATE": 2020-11-13 15:42:59.0
}

15:42:58.599 [print] 100000.0
15:42:58.600 [print] 2020-11-13 15:42:58.0
": \"failed\",\t\t\"correlatorId\": \"PA000027472018030712343500028\"\t}}",
  "SIL_NOTIFY_RESPONSE_DATE": 2020-11-13 15:42:17.0
}

15:42:16.332 [print] 100000.0
15:42:16.333 [print] 2020-11-13 15:42:16.0
