10:33:54.679 skipping bootstrap configuration: could not find or read file: classpath:karate-config.js
10:33:56.072 request:
1 > POST http://test-ariot-srvc.claro.amx/rest/esb/services/user/createUser
1 > Accept-Encoding: gzip,deflate
1 > Connection: Keep-Alive
1 > Content-Length: 449
1 > Content-Type: application/json; charset=UTF-8
1 > Host: test-ariot-srvc.claro.amx
1 > Password: 801cec4bbd86f674c0f3963ccfaf29d5cda78057701d5a96c3311bd7d6d60da3
1 > User-Agent: Apache-HttpClient/4.5.12 (Java/14.0.2)
1 > Username: iothub
{"createUserRequest":{"providerId":"AMCOOTT_AR","operatorUserId":"PA00003153","correlatorId":"ERR-000000000000","serviceName":"createUser","country":"ARG","iccid":"83723361659934889440","imsi":"722310000003638","msisdn":"5491128000031","subscriberDetails":{"title":"Mr","firstName":"Fabian Alejandro","lastName":"Gallardo","communication":{"emailAddress":"test15@gmail.com","mobilePhone":"11111"}},"extensionInfo":[{"key":"key1","value":"value1"}]}}

10:33:56.339 response time in milliseconds: 265,44
1 < 400
1 < Connection: keep-alive
1 < Content-Type: application/json
1 < Date: Thu, 18 Feb 2021 13:33:56 GMT
1 < Password: 801cec4bbd86f674c0f3963ccfaf29d5cda78057701d5a96c3311bd7d6d60da3
1 < Server: JBoss-EAP/7
1 < Transfer-Encoding: chunked
1 < Username: iothub
1 < X-Powered-By: Undertow/1
{"createUserResponse":{"resultCode":1,"resultMessage":"CorrelatorId invalid value","correlatorId":"ERR-000000000000"}}

10:33:56.376 [print] AMCOOTT_AR
10:33:56.376 [print] 83723361659934889440
10:33:56.377 [print] 722310000003638
10:33:56.378 [print] 5491128000031
10:33:58.863 [print] {
  "SIL_ID": 113744,
  "SIL_CORRELATOR_ID": "ERR-000000000000",
  "SIL_SYSTEM_DATE": 2021-02-18 10:33:57.0,
  "SIL_SERVICE_NAME": "createUser",
  "SIL_PROVIDER_ID": "AMCOOTT_AR",
  "SIL_ICCID": "83723361659934889440",
  "SIL_MSISDN": "5491128000031",
  "SIL_STATUS": "E",
  "SIL_ERROR_CODE": 4,
  "SIL_ERROR_MESSAGE": "CorrelatorId invalid value",
  "SIL_REQUEST": "{\"createUserRequest\":{\"providerId\":\"AMCOOTT_AR\",\"operatorUserId\":\"PA00003153\",\"correlatorId\":\"ERR-000000000000\",\"serviceName\":\"createUser\",\"country\":\"ARG\",\"iccid\":\"83723361659934889440\",\"imsi\":\"722310000003638\",\"msisdn\":\"5491128000031\",\"subscriberDetails\":{\"title\":\"Mr\",\"firstName\":\"Fabian Alejandro\",\"lastName\":\"Gallardo\",\"communication\":{\"emailAddress\":\"test15@gmail.com\",\"mobilePhone\":\"11111\"}},\"extensionInfo\":[{\"key\":\"key1\",\"value\":\"value1\"}]}}",
  "SIL_REQUEST_DATE": 2021-02-18 10:33:56.0,
  "SIL_RESPONSE": "{\"createUserResponse\":{\"resultCode\":1,\"resultMessage\":\"CorrelatorId invalid value\",\"correlatorId\":\"ERR-000000000000\"}}",
  "SIL_RESPONSE_DATE": 2021-02-18 10:33:56.0,
  "SIL_NOTIFY_REQUEST": null,
  "SIL_NOTIFY_REQUEST_DATE": null,
  "SIL_NOTIFY_RESPONSE": null,
  "SIL_NOTIFY_RESPONSE_DATE": null
}

10:33:58.879 skipping bootstrap configuration: could not find or read file: classpath:karate-config.js
10:33:58.912 request:
1 > POST http://test-ariot-srvc.claro.amx/rest/esb/services/user/createUser
1 > Accept-Encoding: gzip,deflate
1 > Connection: Keep-Alive
1 > Content-Length: 451
1 > Content-Type: application/json; charset=UTF-8
1 > Host: test-ariot-srvc.claro.amx
1 > Password: 801cec4bbd86f674c0f3963ccfaf29d5cda78057701d5a96c3311bd7d6d60da3
1 > User-Agent: Apache-HttpClient/4.5.12 (Java/14.0.2)
1 > Username: iothub
{"createUserRequest":{"providerId":"AMCOOTT_AR","operatorUserId":"Yes","correlatorId":"PA000028722021021111300300001","serviceName":"prueba","country":"ARG","iccid":"83723361659934889445","imsi":"722310000003638","msisdn":"5491128000031","subscriberDetails":{"title":"Mr","firstName":"Fabian Alejandro","lastName":"Gallardo","communication":{"emailAddress":"test15@gmail.com","mobilePhone":"11111"}},"extensionInfo":[{"key":"key1","value":"value1"}]}}

10:33:59.153 response time in milliseconds: 238,96
1 < 400
1 < Connection: keep-alive
1 < Content-Type: application/json
1 < Date: Thu, 18 Feb 2021 13:34:05 GMT
1 < Password: 801cec4bbd86f674c0f3963ccfaf29d5cda78057701d5a96c3311bd7d6d60da3
1 < Server: JBoss-EAP/7
1 < Transfer-Encoding: chunked
1 < Username: iothub
1 < X-Powered-By: Undertow/1
{"createUserResponse":{"resultCode":1,"resultMessage":"Parameter Invalid Value","correlatorId":"PA000028722021021111300300001"}}

10:33:59.178 [print] AMCOOTT_AR
10:33:59.179 [print] 83723361659934889445
10:33:59.179 [print] 722310000003638
10:33:59.180 [print] 5491128000031
10:33:59.717 [print] {
  "SIL_ID": 113751,
  "SIL_CORRELATOR_ID": "PA000028722021021111300300001",
  "SIL_SYSTEM_DATE": 2021-02-18 10:34:00.0,
  "SIL_SERVICE_NAME": "createUser",
  "SIL_PROVIDER_ID": "AMCOOTT_AR",
  "SIL_ICCID": "83723361659934889445",
  "SIL_MSISDN": "5491128000031",
  "SIL_STATUS": "E",
  "SIL_ERROR_CODE": 4,
  "SIL_ERROR_MESSAGE": "Unexpected value for parameter serviceName.",
  "SIL_REQUEST": "{\"createUserRequest\":{\"providerId\":\"AMCOOTT_AR\",\"operatorUserId\":\"Yes\",\"correlatorId\":\"PA000028722021021111300300001\",\"serviceName\":\"prueba\",\"country\":\"ARG\",\"iccid\":\"83723361659934889445\",\"imsi\":\"722310000003638\",\"msisdn\":\"5491128000031\",\"subscriberDetails\":{\"title\":\"Mr\",\"firstName\":\"Fabian Alejandro\",\"lastName\":\"Gallardo\",\"communication\":{\"emailAddress\":\"test15@gmail.com\",\"mobilePhone\":\"11111\"}},\"extensionInfo\":[{\"key\":\"key1\",\"value\":\"value1\"}]}}",
  "SIL_REQUEST_DATE": 2021-02-18 10:34:05.0,
  "SIL_RESPONSE": "{\"createUserResponse\":{\"resultCode\":1,\"resultMessage\":\"Parameter Invalid Value\",\"correlatorId\":\"PA000028722021021111300300001\"}}",
  "SIL_RESPONSE_DATE": 2021-02-18 10:34:05.0,
  "SIL_NOTIFY_REQUEST": null,
  "SIL_NOTIFY_REQUEST_DATE": null,
  "SIL_NOTIFY_RESPONSE": null,
  "SIL_NOTIFY_RESPONSE_DATE": null
}

1d5a96c3311bd7d6d60da3
1 < Server: JBoss-EAP/7
1 < Transfer-Encoding: chunked
1 < Username: iothub
1 < X-Powered-By: Undertow/1
{"createUserResponse":{"resultCode":1,"resultMessage":"Required Parameters: Invalid Value","correlatorId":"PA000028722021021111293600001"}}

10:12:25.747 [print] AMCOOTT_AR
10:12:25.748 [print] 83723361659934889443
10:12:25.748 [print] 
10:12:25.748 [print] 5491128000031
10:12:26.227 [print] {
  "SIL_ID": 113722,
  "SIL_CORRELATOR_ID": "PA000028722021021111293600001",
  "SIL_SYSTEM_DATE": 2021-02-18 10:12:26.0,
  "SIL_SERVICE_NAME": "createUser",
  "SIL_PROVIDER_ID": "AMCOOTT_AR",
  "SIL_ICCID": "83723361659934889443",
  "SIL_MSISDN": "5491128000031",
  "SIL_STATUS": "E",
  "SIL_ERROR_CODE": 5,
  "SIL_ERROR_MESSAGE": "Validating required parameters: Parameter imsi cannot be blank.",
  "SIL_REQUEST": "{\"createUserRequest\":{\"providerId\":\"AMCOOTT_AR\",\"operatorUserId\":\"PA00003153\",\"correlatorId\":\"PA000028722021021111293600001\",\"serviceName\":\"createUser\",\"country\":\"ARG\",\"iccid\":\"83723361659934889443\",\"imsi\":\"\",\"msisdn\":\"5491128000031\",\"subscriberDetails\":{\"title\":\"Mr\",\"firstName\":\"Fabian Alejandro\",\"lastName\":\"Gallardo\",\"communication\":{\"emailAddress\":\"test15@gmail.com\",\"mobilePhone\":\"11111\"}},\"extensionInfo\":[{\"key\":\"key1\",\"value\":\"value1\"}]}}",
  "SIL_REQUEST_DATE": 2021-02-18 10:12:26.0,
  "SIL_RESPONSE": "{\"createUserResponse\":{\"resultCode\":1,\"resultMessage\":\"Required Parameters: Invalid Value\",\"correlatorId\":\"PA000028722021021111293600001\"}}",
  "SIL_RESPONSE_DATE": 2021-02-18 10:12:26.0,
  "SIL_NOTIFY_REQUEST": null,
  "SIL_NOTIFY_REQUEST_DATE": null,
  "SIL_NOTIFY_RESPONSE": null,
  "SIL_NOTIFY_RESPONSE_DATE": null
}

ue","correlatorId":"PA000028722021021111295300001"}}

14:01:51.474 [print] AMCOOTT_AR
14:01:51.474 [print] 83723361659934889444
14:01:51.475 [print] 722310000003638
14:01:51.475 [print] 
14:01:52.071 [print] {
  "SIL_ID": 113531,
  "SIL_CORRELATOR_ID": "PA000028722021021111295300001",
  "SIL_SYSTEM_DATE": 2021-02-11 14:01:52.0,
  "SIL_SERVICE_NAME": "createUser",
  "SIL_PROVIDER_ID": "AMCOOTT_AR",
  "SIL_ICCID": "83723361659934889444",
  "SIL_MSISDN": null,
  "SIL_STATUS": "E",
  "SIL_ERROR_CODE": 5,
  "SIL_ERROR_MESSAGE": "Validating required parameters: Parameter msisdn cannot be blank.",
  "SIL_REQUEST": "{\"createUserRequest\":{\"providerId\":\"AMCOOTT_AR\",\"operatorUserId\":\"PA00001600\",\"correlatorId\":\"PA000028722021021111295300001\",\"serviceName\":\"createUser\",\"country\":\"ARG\",\"iccid\":\"83723361659934889444\",\"imsi\":\"722310000003638\",\"msisdn\":\"\",\"subscriberDetails\":{\"title\":\"Mr\",\"firstName\":\"Fabian Alejandro\",\"lastName\":\"Gallardo\",\"communication\":{\"emailAddress\":\"test15@gmail.com\",\"mobilePhone\":\"11111\"}},\"extensionInfo\":[{\"key\":\"key1\",\"value\":\"value1\"}]}}",
  "SIL_REQUEST_DATE": 2021-02-11 14:01:51.0,
  "SIL_RESPONSE": "{\"createUserResponse\":{\"resultCode\":1,\"resultMessage\":\"Required Parameters: Invalid Value\",\"correlatorId\":\"PA000028722021021111295300001\"}}",
  "SIL_RESPONSE_DATE": 2021-02-11 14:01:51.0,
  "SIL_NOTIFY_REQUEST": null,
  "SIL_NOTIFY_REQUEST_DATE": null,
  "SIL_NOTIFY_RESPONSE": null,
  "SIL_NOTIFY_RESPONSE_DATE": null
}

14:01:52.072 [print] {
  "SIL_ID": 113531,
  "SIL_CORRELATOR_ID": "PA000028722021021111295300001",
  "SIL_SYSTEM_DATE": 2021-02-11 14:01:52.0,
  "SIL_SERVICE_NAME": "createUser",
  "SIL_PROVIDER_ID": "AMCOOTT_AR",
  "SIL_ICCID": "83723361659934889444",
  "SIL_MSISDN": null,
  "SIL_STATUS": "E",
  "SIL_ERROR_CODE": 5,
  "SIL_ERROR_MESSAGE": "Validating required parameters: Parameter msisdn cannot be blank.",
  "SIL_REQUEST": "{\"createUserRequest\":{\"providerId\":\"AMCOOTT_AR\",\"operatorUserId\":\"PA00001600\",\"correlatorId\":\"PA000028722021021111295300001\",\"serviceName\":\"createUser\",\"country\":\"ARG\",\"iccid\":\"83723361659934889444\",\"imsi\":\"722310000003638\",\"msisdn\":\"\",\"subscriberDetails\":{\"title\":\"Mr\",\"firstName\":\"Fabian Alejandro\",\"lastName\":\"Gallardo\",\"communication\":{\"emailAddress\":\"test15@gmail.com\",\"mobilePhone\":\"11111\"}},\"extensionInfo\":[{\"key\":\"key1\",\"value\":\"value1\"}]}}",
  "SIL_REQUEST_DATE": 2021-02-11 14:01:51.0,
  "SIL_RESPONSE": "{\"createUserResponse\":{\"resultCode\":1,\"resultMessage\":\"Required Parameters: Invalid Value\",\"correlatorId\":\"PA000028722021021111295300001\"}}",
  "SIL_RESPONSE_DATE": 2021-02-11 14:01:51.0,
  "SIL_NOTIFY_REQUEST": null,
  "SIL_NOTIFY_REQUEST_DATE": null,
  "SIL_NOTIFY_RESPONSE": null,
  "SIL_NOTIFY_RESPONSE_DATE": null
}

14:01:52.072 [print] 100000.0
14:01:52.073 [print] 2021-02-11 14:01:51.0
_SYSTEM_DATE": 2020-11-13 15:40:23.0,
  "SIL_SERVICE_NAME": "createUser",
  "SIL_PROVIDER_ID": "AMCOOTT_AR",
  "SIL_ICCID": "83723361659934889435",
  "SIL_MSISDN": null,
  "SIL_STATUS": "E",
  "SIL_ERROR_CODE": 5,
  "SIL_ERROR_MESSAGE": "Validating required parameters: Parameter msisdn cannot be blank.",
  "SIL_REQUEST": "{\"createUserRequest\":{\"providerId\":\"AMCOOTT_AR\",\"operatorUserId\":\"PA00001600\",\"correlatorId\":\"PA000027472018030712343500027\",\"serviceName\":\"createUser\",\"country\":\"ARG\",\"iccid\":\"83723361659934889435\",\"imsi\":\"722310000003638\",\"msisdn\":\"\",\"subscriberDetails\":{\"title\":\"Mr\",\"firstName\":\"Fabian Alejandro\",\"lastName\":\"Gallardo\",\"communication\":{\"emailAddress\":\"test15@gmail.com\",\"mobilePhone\":\"11111\"}},\"extensionInfo\":[{\"key\":\"key1\",\"value\":\"value1\"}]}}",
  "SIL_REQUEST_DATE": 2020-11-13 15:40:22.0,
  "SIL_RESPONSE": "{\"createUserResponse\":{\"resultCode\":1,\"resultMessage\":\"Required Parameters: Invalid Value\",\"correlatorId\":\"PA000027472018030712343500027\"}}",
  "SIL_RESPONSE_DATE": 2020-11-13 15:40:22.0,
  "SIL_NOTIFY_REQUEST": null,
  "SIL_NOTIFY_REQUEST_DATE": null,
  "SIL_NOTIFY_RESPONSE": null,
  "SIL_NOTIFY_RESPONSE_DATE": null
}

15:40:22.411 [print] {
  "SIL_ID": 107488,
  "SIL_CORRELATOR_ID": "PA000027472018030712343500027",
  "SIL_SYSTEM_DATE": 2020-11-13 15:40:23.0,
  "SIL_SERVICE_NAME": "createUser",
  "SIL_PROVIDER_ID": "AMCOOTT_AR",
  "SIL_ICCID": "83723361659934889435",
  "SIL_MSISDN": null,
  "SIL_STATUS": "E",
  "SIL_ERROR_CODE": 5,
  "SIL_ERROR_MESSAGE": "Validating required parameters: Parameter msisdn cannot be blank.",
  "SIL_REQUEST": "{\"createUserRequest\":{\"providerId\":\"AMCOOTT_AR\",\"operatorUserId\":\"PA00001600\",\"correlatorId\":\"PA000027472018030712343500027\",\"serviceName\":\"createUser\",\"country\":\"ARG\",\"iccid\":\"83723361659934889435\",\"imsi\":\"722310000003638\",\"msisdn\":\"\",\"subscriberDetails\":{\"title\":\"Mr\",\"firstName\":\"Fabian Alejandro\",\"lastName\":\"Gallardo\",\"communication\":{\"emailAddress\":\"test15@gmail.com\",\"mobilePhone\":\"11111\"}},\"extensionInfo\":[{\"key\":\"key1\",\"value\":\"value1\"}]}}",
  "SIL_REQUEST_DATE": 2020-11-13 15:40:22.0,
  "SIL_RESPONSE": "{\"createUserResponse\":{\"resultCode\":1,\"resultMessage\":\"Required Parameters: Invalid Value\",\"correlatorId\":\"PA000027472018030712343500027\"}}",
  "SIL_RESPONSE_DATE": 2020-11-13 15:40:22.0,
  "SIL_NOTIFY_REQUEST": null,
  "SIL_NOTIFY_REQUEST_DATE": null,
  "SIL_NOTIFY_RESPONSE": null,
  "SIL_NOTIFY_RESPONSE_DATE": null
}

15:40:22.412 [print] 100000.0
15:40:22.413 [print] 2020-11-13 15:40:22.0
 2020-11-13 14:40:10.0
