12:11:12.351 skipping bootstrap configuration: could not find or read file: classpath:karate-config.js
12:11:12.389 type was null, defaulting to 'chrome'
12:11:34.057 waitUntil (js) - retry #1
12:11:40.068 waitUntil (js) - retry #2
12:11:46.080 waitUntil (js) - retry #3
12:11:52.093 waitUntil (js): failed after 3 retries and 21048 milliseconds
nt: Apache-HttpClient/4.5.12 (Java/14.0.2)
{"id":20,"category":{"id":0,"name":"string"},"name":"doggie","photoUrls":["string"],"tags":[{"id":0,"name":"string"}],"status":"available"}

09:33:20.931 response time in milliseconds: 1408,80
1 < 200
1 < Access-Control-Allow-Headers: Content-Type, api_key, Authorization
1 < Access-Control-Allow-Methods: GET, POST, DELETE, PUT
1 < Access-Control-Allow-Origin: *
1 < Connection: keep-alive
1 < Content-Type: application/json
1 < Date: Fri, 19 Feb 2021 12:33:24 GMT
1 < Server: Jetty(9.2.9.v20150224)
1 < Transfer-Encoding: chunked
{"id":20,"category":{"id":0,"name":"string"},"name":"doggie","photoUrls":["string"],"tags":[{"id":0,"name":"string"}],"status":"available"}

live
1 < Content-Type: application/json
1 < Date: Thu, 18 Feb 2021 13:34:02 GMT
1 < Password: 801cec4bbd86f674c0f3963ccfaf29d5cda78057701d5a96c3311bd7d6d60da3
1 < Server: JBoss-EAP/7
1 < Transfer-Encoding: chunked
1 < Username: iothub
1 < X-Powered-By: Undertow/1
{"createUserResponse":{"resultCode":1,"resultMessage":"Required Parameters: Invalid Value","correlatorId":"PA000028722021021111231700001"}}

10:33:56.309 [print] 
10:33:56.310 [print] 83723361659934889438
10:33:56.310 [print] 722310000003638
10:33:56.311 [print] 5491128000031
10:33:58.507 [print] {
  "SIL_ID": 113742,
  "SIL_CORRELATOR_ID": "PA000028722021021111231700001",
  "SIL_SYSTEM_DATE": 2021-02-18 10:33:57.0,
  "SIL_SERVICE_NAME": "createUser",
  "SIL_PROVIDER_ID": null,
  "SIL_ICCID": "83723361659934889438",
  "SIL_MSISDN": "5491128000031",
  "SIL_STATUS": "E",
  "SIL_ERROR_CODE": 5,
  "SIL_ERROR_MESSAGE": "Validating required parameters: Parameter providerId cannot be blank.",
  "SIL_REQUEST": "{\"createUserRequest\":{\"providerId\":\"\",\"operatorUserId\":\"PA00003153\",\"correlatorId\":\"PA000028722021021111231700001\",\"serviceName\":\"createUser\",\"country\":\"ARG\",\"iccid\":\"83723361659934889438\",\"imsi\":\"722310000003638\",\"msisdn\":\"5491128000031\",\"subscriberDetails\":{\"title\":\"Mr\",\"firstName\":\"Fabian Alejandro\",\"lastName\":\"Gallardo\",\"communication\":{\"emailAddress\":\"test15@gmail.com\",\"mobilePhone\":\"11111\"}},\"extensionInfo\":[{\"key\":\"key1\",\"value\":\"value1\"}]}}",
  "SIL_REQUEST_DATE": 2021-02-18 10:34:02.0,
  "SIL_RESPONSE": "{\"createUserResponse\":{\"resultCode\":1,\"resultMessage\":\"Required Parameters: Invalid Value\",\"correlatorId\":\"PA000028722021021111231700001\"}}",
  "SIL_RESPONSE_DATE": 2021-02-18 10:34:02.0,
  "SIL_NOTIFY_REQUEST": null,
  "SIL_NOTIFY_REQUEST_DATE": null,
  "SIL_NOTIFY_RESPONSE": null,
  "SIL_NOTIFY_RESPONSE_DATE": null
}

10:33:58.654 skipping bootstrap configuration: could not find or read file: classpath:karate-config.js
10:33:58.840 request:
1 > POST http://test-ariot-srvc.claro.amx/rest/esb/services/user/createUser
1 > Accept-Encoding: gzip,deflate
1 > Connection: Keep-Alive
1 > Content-Length: 442
1 > Content-Type: application/json; charset=UTF-8
1 > Host: test-ariot-srvc.claro.amx
1 > Password: 801cec4bbd86f674c0f3963ccfaf29d5cda78057701d5a96c3311bd7d6d60da3
1 > User-Agent: Apache-HttpClient/4.5.12 (Java/14.0.2)
1 > Username: iothub
{"createUserRequest":{"providerId":"AMCOOTT_AR","operatorUserId":"PA00003153","correlatorId":"PA000028722021021111291200001","serviceName":"createUser","country":"ARG","iccid":"","imsi":"722310000003638","msisdn":"5491128000031","subscriberDetails":{"title":"Mr","firstName":"Fabian Alejandro","lastName":"Gallardo","communication":{"emailAddress":"test15@gmail.com","mobilePhone":"11111"}},"extensionInfo":[{"key":"key1","value":"value1"}]}}

10:33:59.021 response time in milliseconds: 167,29
1 < 400
1 < Connection: keep-alive
1 < Content-Type: application/json
1 < Date: Thu, 18 Feb 2021 13:34:05 GMT
1 < Password: 801cec4bbd86f674c0f3963ccfaf29d5cda78057701d5a96c3311bd7d6d60da3
1 < Server: JBoss-EAP/7
1 < Transfer-Encoding: chunked
1 < Username: iothub
1 < X-Powered-By: Undertow/1
{"createUserResponse":{"resultCode":1,"resultMessage":"Required Parameters: Invalid Value","correlatorId":"PA000028722021021111291200001"}}

10:33:59.023 [print] AMCOOTT_AR
10:33:59.023 [print] 
10:33:59.023 [print] 722310000003638
10:33:59.024 [print] 5491128000031
10:33:59.764 [print] {
  "SIL_ID": 113750,
  "SIL_CORRELATOR_ID": "PA000028722021021111291200001",
  "SIL_SYSTEM_DATE": 2021-02-18 10:33:59.0,
  "SIL_SERVICE_NAME": "createUser",
  "SIL_PROVIDER_ID": "AMCOOTT_AR",
  "SIL_ICCID": null,
  "SIL_MSISDN": "5491128000031",
  "SIL_STATUS": "E",
  "SIL_ERROR_CODE": 5,
  "SIL_ERROR_MESSAGE": "Validating required parameters: Parameter iccid cannot be blank.",
  "SIL_REQUEST": "{\"createUserRequest\":{\"providerId\":\"AMCOOTT_AR\",\"operatorUserId\":\"PA00003153\",\"correlatorId\":\"PA000028722021021111291200001\",\"serviceName\":\"createUser\",\"country\":\"ARG\",\"iccid\":\"\",\"imsi\":\"722310000003638\",\"msisdn\":\"5491128000031\",\"subscriberDetails\":{\"title\":\"Mr\",\"firstName\":\"Fabian Alejandro\",\"lastName\":\"Gallardo\",\"communication\":{\"emailAddress\":\"test15@gmail.com\",\"mobilePhone\":\"11111\"}},\"extensionInfo\":[{\"key\":\"key1\",\"value\":\"value1\"}]}}",
  "SIL_REQUEST_DATE": 2021-02-18 10:34:04.0,
  "SIL_RESPONSE": "{\"createUserResponse\":{\"resultCode\":1,\"resultMessage\":\"Required Parameters: Invalid Value\",\"correlatorId\":\"PA000028722021021111291200001\"}}",
  "SIL_RESPONSE_DATE": 2021-02-18 10:34:04.0,
  "SIL_NOTIFY_REQUEST": null,
  "SIL_NOTIFY_REQUEST_DATE": null,
  "SIL_NOTIFY_RESPONSE": null,
  "SIL_NOTIFY_RESPONSE_DATE": null
}

ull,
  "SIL_NOTIFY_RESPONSE": null,
  "SIL_NOTIFY_RESPONSE_DATE": null
}

: null,
  "SIL_NOTIFY_RESPONSE_DATE": null
}

09:05:37.935 [print] 100000.0
09:05:37.936 [print] 2021-02-18 09:05:37.0
ot find or read file: classpath:karate-config.js
11:38:58.581 request:
1 > POST http://test-ariot-srvc.claro.amx/rest/esb/services/user/createUser
1 > Accept-Encoding: gzip,deflate
1 > Connection: Keep-Alive
1 > Content-Length: 449
1 > Content-Type: application/json; charset=UTF-8
1 > Host: test-ariot-srvc.claro.amx
1 > Password: 801cec4bbd86f674c0f3963ccfaf29d5cda78057701d5a96c3311bd7d6d60da3
1 > User-Agent: Apache-HttpClient/4.5.12 (Java/14.0.2)
1 > Username: iothub
{"createUserRequest":{"providerId":"AMCOOTT_AR","operatorUserId":"PA00001600","correlatorId":"PA000028722021021111295300001","serviceName":"createUser","country":"ARG","iccid":"83723361659934889444","imsi":"722310000003638","msisdn":"","subscriberDetails":{"title":"Mr","firstName":"Fabian Alejandro","lastName":"Gallardo","communication":{"emailAddress":"test15@gmail.com","mobilePhone":"11111"}},"extensionInfo":[{"key":"key1","value":"value1"}]}}

11:38:58.670 response time in milliseconds: 87,98
1 < 400
1 < Connection: keep-alive
1 < Content-Type: application/json
1 < Date: Thu, 11 Feb 2021 14:38:58 GMT
1 < Password: 801cec4bbd86f674c0f3963ccfaf29d5cda78057701d5a96c3311bd7d6d60da3
1 < Server: JBoss-EAP/7
1 < Transfer-Encoding: chunked
1 < Username: iothub
1 < X-Powered-By: Undertow/1
{"createUserResponse":{"resultCode":1,"resultMessage":"Required Parameters: Invalid Value","correlatorId":"PA000028722021021111295300001"}}

11:38:58.674 [print] AMCOOTT_AR
11:38:58.674 [print] 83723361659934889444
11:38:58.675 [print] 722310000003638
11:38:58.675 [print] 
11:38:59.227 [print] {
  "SIL_ID": 113518,
  "SIL_CORRELATOR_ID": "PA000028722021021111295300001",
  "SIL_SYSTEM_DATE": 2021-02-11 11:38:59.0,
  "SIL_SERVICE_NAME": "createUser",
  "SIL_PROVIDER_ID": "AMCOOTT_AR",
  "SIL_ICCID": "83723361659934889444",
  "SIL_MSISDN": null,
  "SIL_STATUS": "E",
  "SIL_ERROR_CODE": 5,
  "SIL_ERROR_MESSAGE": "Validating required parameters: Parameter msisdn cannot be blank.",
  "SIL_REQUEST": "{\"createUserRequest\":{\"providerId\":\"AMCOOTT_AR\",\"operatorUserId\":\"PA00001600\",\"correlatorId\":\"PA000028722021021111295300001\",\"serviceName\":\"createUser\",\"country\":\"ARG\",\"iccid\":\"83723361659934889444\",\"imsi\":\"722310000003638\",\"msisdn\":\"\",\"subscriberDetails\":{\"title\":\"Mr\",\"firstName\":\"Fabian Alejandro\",\"lastName\":\"Gallardo\",\"communication\":{\"emailAddress\":\"test15@gmail.com\",\"mobilePhone\":\"11111\"}},\"extensionInfo\":[{\"key\":\"key1\",\"value\":\"value1\"}]}}",
  "SIL_REQUEST_DATE": 2021-02-11 11:38:58.0,
  "SIL_RESPONSE": "{\"createUserResponse\":{\"resultCode\":1,\"resultMessage\":\"Required Parameters: Invalid Value\",\"correlatorId\":\"PA000028722021021111295300001\"}}",
  "SIL_RESPONSE_DATE": 2021-02-11 11:38:58.0,
  "SIL_NOTIFY_REQUEST": null,
  "SIL_NOTIFY_REQUEST_DATE": null,
  "SIL_NOTIFY_RESPONSE": null,
  "SIL_NOTIFY_RESPONSE_DATE": null
}

11:38:59.228 [print] {
  "SIL_ID": 113518,
  "SIL_CORRELATOR_ID": "PA000028722021021111295300001",
  "SIL_SYSTEM_DATE": 2021-02-11 11:38:59.0,
  "SIL_SERVICE_NAME": "createUser",
  "SIL_PROVIDER_ID": "AMCOOTT_AR",
  "SIL_ICCID": "83723361659934889444",
  "SIL_MSISDN": null,
  "SIL_STATUS": "E",
  "SIL_ERROR_CODE": 5,
  "SIL_ERROR_MESSAGE": "Validating required parameters: Parameter msisdn cannot be blank.",
  "SIL_REQUEST": "{\"createUserRequest\":{\"providerId\":\"AMCOOTT_AR\",\"operatorUserId\":\"PA00001600\",\"correlatorId\":\"PA000028722021021111295300001\",\"serviceName\":\"createUser\",\"country\":\"ARG\",\"iccid\":\"83723361659934889444\",\"imsi\":\"722310000003638\",\"msisdn\":\"\",\"subscriberDetails\":{\"title\":\"Mr\",\"firstName\":\"Fabian Alejandro\",\"lastName\":\"Gallardo\",\"communication\":{\"emailAddress\":\"test15@gmail.com\",\"mobilePhone\":\"11111\"}},\"extensionInfo\":[{\"key\":\"key1\",\"value\":\"value1\"}]}}",
  "SIL_REQUEST_DATE": 2021-02-11 11:38:58.0,
  "SIL_RESPONSE": "{\"createUserResponse\":{\"resultCode\":1,\"resultMessage\":\"Required Parameters: Invalid Value\",\"correlatorId\":\"PA000028722021021111295300001\"}}",
  "SIL_RESPONSE_DATE": 2021-02-11 11:38:58.0,
  "SIL_NOTIFY_REQUEST": null,
  "SIL_NOTIFY_REQUEST_DATE": null,
  "SIL_NOTIFY_RESPONSE": null,
  "SIL_NOTIFY_RESPONSE_DATE": null
}

11:38:59.229 [print] 100000.0
11:38:59.230 [print] 2021-02-11 11:38:58.0
11:38:59.245 skipping bootstrap configuration: could not find or read file: classpath:karate-config.js
11:38:59.272 request:
1 > POST http://test-ariot-srvc.claro.amx/rest/esb/services/user/createUser
1 > Accept-Encoding: gzip,deflate
1 > Connection: Keep-Alive
1 > Content-Length: 446
1 > Content-Type: application/json; charset=UTF-8
1 > Host: test-ariot-srvc.claro.amx
1 > Password: 801cec4bbd86f674c0f3963ccfaf29d5cda78057701d5a96c3311bd7d6d60da3
1 > User-Agent: Apache-HttpClient/4.5.12 (Java/14.0.2)
1 > Username: iothub
{"createUserRequest":{"providerId":"AMCOOTT_AR","operatorUserId":"PA00001600","correlatorId":"PA000028722021021111300300001","serviceName":"createUser","country":"ARG","iccid":"83723361659934889445","imsi":"722310000003638","msisdn":"5491128000031","subscriberDetails":{"title":"Mr","firstName":"Fabian Alejandro","lastName":"Gallardo","communication":{"emailAddress":"","mobilePhone":"11111"}},"extensionInfo":[{"key":"key1","value":"value1"}]}}

11:39:29.308 java.net.SocketTimeoutException: Read timed out, http call failed after 30036 milliseconds for URL: http://test-ariot-srvc.claro.amx/rest/esb/services/user/createUser
11:39:29.308 http request failed: 
java.net.SocketTimeoutException: Read timed out
OR_ID": "PA000027472018030712343500028",
  "SIL_SYSTEM_DATE": 2020-11-13 14:58:33.0,
  "SIL_SERVICE_NAME": "createUser",
  "SIL_PROVIDER_ID": "AMCOOTT_AR",
  "SIL_ICCID": "83723361659934889435",
  "SIL_MSISDN": "5491128000031",
  "SIL_STATUS": "E",
  "SIL_ERROR_CODE": 100,
  "SIL_ERROR_MESSAGE": "Error: pa_iot_apis.f_create_user - Error obteniendo el enterprise_id: ORA-01403: no data found",
  "SIL_REQUEST": "{\"createUserRequest\":{\"providerId\":\"AMCOOTT_AR\",\"operatorUserId\":\"PA00001600\",\"correlatorId\":\"PA000027472018030712343500028\",\"serviceName\":\"createUser\",\"country\":\"ARG\",\"iccid\":\"83723361659934889435\",\"imsi\":\"722310000003638\",\"msisdn\":\"5491128000031\",\"subscriberDetails\":{\"title\":\"Mr\",\"firstName\":\"Fabian Alejandro\",\"lastName\":\"Gallardo\",\"communication\":{\"emailAddress\":\"\",\"mobilePhone\":\"11111\"}},\"extensionInfo\":[{\"key\":\"key1\",\"value\":\"value1\"}]}}",
  "SIL_REQUEST_DATE": 2020-11-13 14:58:32.0,
  "SIL_RESPONSE": "{\"createUserResponse\":{\"resultCode\":0,\"resultMessage\":\"Success\",\"correlatorId\":\"PA000027472018030712343500028\"}}",
  "SIL_RESPONSE_DATE": 2020-11-13 14:58:33.0,
  "SIL_NOTIFY_REQUEST": "{\"notifyCreateUserResultRequest\":{\"serviceName\":\"createUser\",\"country\":\"ARG\",\"providerId\":\"AMCOOTT_AR\",\"correlatorId\":\"PA000027472018030712343500028\",\"resultCode\":\"1\",\"resultMessage\":\"createUser failed\"}}",
  "SIL_NOTIFY_REQUEST_DATE": 2020-11-13 14:58:33.0,
  "SIL_NOTIFY_RESPONSE": "{\t\"notifyCreateUserResultResponse\": {\t\t\"resultCode\": 1,\t\t\"resultMessage\": \"failed\",\t\t\"correlatorId\": \"PA000027472018030712343500028\"\t}}",
  "SIL_NOTIFY_RESPONSE_DATE": 2020-11-13 14:58:33.0
}

14:58:32.775 [print] {
  "SIL_ID": 107463,
  "SIL_CORRELATOR_ID": "PA000027472018030712343500028",
  "SIL_SYSTEM_DATE": 2020-11-13 14:58:33.0,
  "SIL_SERVICE_NAME": "createUser",
  "SIL_PROVIDER_ID": "AMCOOTT_AR",
  "SIL_ICCID": "83723361659934889435",
  "SIL_MSISDN": "5491128000031",
  "SIL_STATUS": "E",
  "SIL_ERROR_CODE": 100,
  "SIL_ERROR_MESSAGE": "Error: pa_iot_apis.f_create_user - Error obteniendo el enterprise_id: ORA-01403: no data found",
  "SIL_REQUEST": "{\"createUserRequest\":{\"providerId\":\"AMCOOTT_AR\",\"operatorUserId\":\"PA00001600\",\"correlatorId\":\"PA000027472018030712343500028\",\"serviceName\":\"createUser\",\"country\":\"ARG\",\"iccid\":\"83723361659934889435\",\"imsi\":\"722310000003638\",\"msisdn\":\"5491128000031\",\"subscriberDetails\":{\"title\":\"Mr\",\"firstName\":\"Fabian Alejandro\",\"lastName\":\"Gallardo\",\"communication\":{\"emailAddress\":\"\",\"mobilePhone\":\"11111\"}},\"extensionInfo\":[{\"key\":\"key1\",\"value\":\"value1\"}]}}",
  "SIL_REQUEST_DATE": 2020-11-13 14:58:32.0,
  "SIL_RESPONSE": "{\"createUserResponse\":{\"resultCode\":0,\"resultMessage\":\"Success\",\"correlatorId\":\"PA000027472018030712343500028\"}}",
  "SIL_RESPONSE_DATE": 2020-11-13 14:58:33.0,
  "SIL_NOTIFY_REQUEST": "{\"notifyCreateUserResultRequest\":{\"serviceName\":\"createUser\",\"country\":\"ARG\",\"providerId\":\"AMCOOTT_AR\",\"correlatorId\":\"PA000027472018030712343500028\",\"resultCode\":\"1\",\"resultMessage\":\"createUser failed\"}}",
  "SIL_NOTIFY_REQUEST_DATE": 2020-11-13 14:58:33.0,
  "SIL_NOTIFY_RESPONSE": "{\t\"notifyCreateUserResultResponse\": {\t\t\"resultCode\": 1,\t\t\"resultMessage\": \"failed\",\t\t\"correlatorId\": \"PA000027472018030712343500028\"\t}}",
  "SIL_NOTIFY_RESPONSE_DATE": 2020-11-13 14:58:33.0
}

14:58:32.776 [print] 100000.0
14:58:32.776 [print] 2020-11-13 14:58:33.0
