11:52:16.250 skipping bootstrap configuration: could not find or read file: classpath:karate-config.js
11:52:17.102 request:
1 > PUT https://petstore.swagger.io/v2/pet
1 > Accept-Encoding: gzip,deflate
1 > Connection: Keep-Alive
1 > Content-Length: 138
1 > Content-Type: application/json; charset=UTF-8
1 > Host: petstore.swagger.io
1 > User-Agent: Apache-HttpClient/4.5.12 (Java/14.0.2)
{"id":30,"category":{"id":30,"name":"string"},"name":"peki","photoUrls":["string"],"tags":[{"id":0,"name":"string"}],"status":"available"}

11:52:18.583 response time in milliseconds: 1475,20
1 < 200
1 < Access-Control-Allow-Headers: Content-Type, api_key, Authorization
1 < Access-Control-Allow-Methods: GET, POST, DELETE, PUT
1 < Access-Control-Allow-Origin: *
1 < Connection: keep-alive
1 < Content-Type: application/json
1 < Date: Mon, 01 Mar 2021 14:52:18 GMT
1 < Server: Jetty(9.2.9.v20150224)
1 < Transfer-Encoding: chunked
{"id":30,"category":{"id":30,"name":"string"},"name":"peki","photoUrls":["string"],"tags":[{"id":0,"name":"string"}],"status":"available"}

